########## Testcase 0: Failed ##########
Expected Output: 
0
false
{}
1
true
{1}
2
true
false
{1, 2}
5
true
false
{1, 2, 3, 4, 5}
5
true
false
{1, 2, 3, 4, 5}
6
true
false
{1, 2, 3, 4, 5, 7}

Your Output: 
0
false
{}
1
true
{1}
2
true
false
{1, 2}
7
true
false
{1, 2, 0, 0, 3, 4, 5}
7
true
false
{1, 2, 0, 0, 3, 4, 5}
17
true
false
{1, 2, 0, 0, 3, 4, 5, 0, 0, 0, 0, 0, 0, 0, 0, 0, 0}

----------------------------------------
########## Testcase 1: Failed ##########
Expected Output: 
{1, 3, 4}
{}
{}
{1, 4, 3}
{}
{1}

Your Output: 


----------------------------------------
########## Testcase 2: Failed ##########
Expected Output: 
{1, 3, 4}
{}
{}
{1, 4, 3}
{}
{1}

Your Output: 
{1, 4, 3}
{}
{}
{1, 4, 3}
{}
{1}

----------------------------------------
########## Testcase 3: Failed ##########
Expected Output: 
[[1, 1], [1, 4], [1, 3], [2, 1], [2, 4], [2, 3], [3, 1], [3, 4], [3, 3], [4, 1], [4, 4], [4, 3], [5, 1], [5, 4], [5, 3]]
null
null
[[1, 1], [1, 4], [1, 3], [4, 1], [4, 4], [4, 3], [3, 1], [3, 4], [3, 3]]
[[1, 6], [1, 7], [1, 8], [2, 6], [2, 7], [2, 8], [3, 6], [3, 7], [3, 8], [4, 6], [4, 7], [4, 8], [5, 6], [5, 7], [5, 8]]
[[1, 1]]

Your Output: 


----------------------------------------
Result: 0/4 testcases passed.
Starting audit...
[ERROR] D:\MSIT\cspp2_20186017\cspp2-assignments\Module 13\Assignment-1\Solution.java:0: File does not end with a newline. [NewlineAtEndOfFile]
[ERROR] D:\MSIT\cspp2_20186017\cspp2-assignments\Module 13\Assignment-1\Solution.java:7: Line has trailing spaces. [RegexpSingleline]
[ERROR] D:\MSIT\cspp2_20186017\cspp2-assignments\Module 13\Assignment-1\Solution.java:10:9: Missing a Javadoc comment. [JavadocVariable]
[ERROR] D:\MSIT\cspp2_20186017\cspp2-assignments\Module 13\Assignment-1\Solution.java:11:5: Missing a Javadoc comment. [JavadocVariable]
[ERROR] D:\MSIT\cspp2_20186017\cspp2-assignments\Module 13\Assignment-1\Solution.java:12:5: Missing a Javadoc comment. [JavadocMethod]
[ERROR] D:\MSIT\cspp2_20186017\cspp2-assignments\Module 13\Assignment-1\Solution.java:17:5: Missing a Javadoc comment. [JavadocMethod]
[ERROR] D:\MSIT\cspp2_20186017\cspp2-assignments\Module 13\Assignment-1\Solution.java:20:5: Missing a Javadoc comment. [JavadocMethod]
[ERROR] D:\MSIT\cspp2_20186017\cspp2-assignments\Module 13\Assignment-1\Solution.java:23:5: Missing a Javadoc comment. [JavadocMethod]
[ERROR] D:\MSIT\cspp2_20186017\cspp2-assignments\Module 13\Assignment-1\Solution.java:23:21: Parameter item should be final. [FinalParameters]
[ERROR] D:\MSIT\cspp2_20186017\cspp2-assignments\Module 13\Assignment-1\Solution.java:25: 'if' construct must use '{}'s. [NeedBraces]
[ERROR] D:\MSIT\cspp2_20186017\cspp2-assignments\Module 13\Assignment-1\Solution.java:25:15: 'if' is not followed by whitespace. [WhitespaceAfter]
[ERROR] D:\MSIT\cspp2_20186017\cspp2-assignments\Module 13\Assignment-1\Solution.java:27:16: 'catch' is not followed by whitespace. [WhitespaceAround]
[ERROR] D:\MSIT\cspp2_20186017\cspp2-assignments\Module 13\Assignment-1\Solution.java:32:5: Missing a Javadoc comment. [JavadocMethod]
[ERROR] D:\MSIT\cspp2_20186017\cspp2-assignments\Module 13\Assignment-1\Solution.java:32:21: Parameter items should be final. [FinalParameters]
[ERROR] D:\MSIT\cspp2_20186017\cspp2-assignments\Module 13\Assignment-1\Solution.java:35: 'if' construct must use '{}'s. [NeedBraces]
[ERROR] D:\MSIT\cspp2_20186017\cspp2-assignments\Module 13\Assignment-1\Solution.java:35:19: 'if' is not followed by whitespace. [WhitespaceAfter]
[ERROR] D:\MSIT\cspp2_20186017\cspp2-assignments\Module 13\Assignment-1\Solution.java:44:5: Missing a Javadoc comment. [JavadocMethod]
[ERROR] D:\MSIT\cspp2_20186017\cspp2-assignments\Module 13\Assignment-1\Solution.java:53:6: Missing a Javadoc comment. [JavadocMethod]
[ERROR] D:\MSIT\cspp2_20186017\cspp2-assignments\Module 13\Assignment-1\Solution.java:66:5: Missing a Javadoc comment. [JavadocMethod]
[ERROR] D:\MSIT\cspp2_20186017\cspp2-assignments\Module 13\Assignment-1\Solution.java:66:26: Parameter items should be final. [FinalParameters]
[ERROR] D:\MSIT\cspp2_20186017\cspp2-assignments\Module 13\Assignment-1\Solution.java:68:24: ';' is not followed by whitespace. [WhitespaceAfter]
[ERROR] D:\MSIT\cspp2_20186017\cspp2-assignments\Module 13\Assignment-1\Solution.java:68:25: '<' is not preceded with whitespace. [WhitespaceAround]
[ERROR] D:\MSIT\cspp2_20186017\cspp2-assignments\Module 13\Assignment-1\Solution.java:68:26: '<' is not followed by whitespace. [WhitespaceAround]
[ERROR] D:\MSIT\cspp2_20186017\cspp2-assignments\Module 13\Assignment-1\Solution.java:69:15: 'if' is not followed by whitespace. [WhitespaceAfter]
[ERROR] D:\MSIT\cspp2_20186017\cspp2-assignments\Module 13\Assignment-1\Solution.java:77: Line has trailing spaces. [RegexpSingleline]
[ERROR] D:\MSIT\cspp2_20186017\cspp2-assignments\Module 13\Assignment-1\Solution.java:172: Line is longer than 80 characters (found 82). [LineLength]
Audit done.
Checkstyle ends with 26 errors.


[master beabcda] "check_style_score -> 0 of 4 passed. style score: 0/1 "
 1 file changed, 139 deletions(-)
 rewrite cspp2-assignments/Module 13/Assignment-1/test.txt (100%)

Branch 'master' set up to track remote branch 'master' from 'origin'.

